2026-07-06 13:37:16,501 | INFO | Arnav Assistant Started
2026-07-06 13:37:16,502 | INFO | Introduction displayed
2026-07-06 13:38:33,848 | INFO | Arnav Assistant Started
2026-07-06 13:38:33,848 | INFO | Introduction displayed
2026-07-06 13:46:05,805 | INFO | Arnav Assistant Started
2026-07-06 13:46:05,807 | INFO | Introduction displayed
2026-07-06 13:46:12,417 | INFO | Arnav Assistant Started
2026-07-06 13:46:12,417 | INFO | Introduction displayed
2026-07-06 13:51:57,628 | INFO | Arnav Assistant Started
2026-07-06 13:51:57,629 | INFO | Introduction displayed
2026-07-06 14:07:41,386 | INFO | Assistant Started
2026-07-06 14:08:13,412 | INFO | User : hello 
2026-07-06 14:08:23,884 | INFO | Assistant Started
2026-07-06 14:08:47,488 | INFO | User : hello
2026-07-06 14:13:53,182 | INFO | Assistant Started
2026-07-06 14:13:57,048 | INFO | User : hello
2026-07-06 14:13:57,048 | INFO | Arnav : Hello Anuj! \U0001f44b
2026-07-06 14:15:32,828 | INFO | User : who are you 
2026-07-06 14:15:32,828 | INFO | Arnav : I am Arnav AI.
2026-07-06 14:15:36,732 | INFO | User : date
2026-07-06 14:15:36,732 | INFO | Arnav : 06-07-2026
2026-07-06 14:15:44,652 | INFO | User : abc
2026-07-06 14:15:44,652 | INFO | Arnav : Sorry, I don't understand that command.
2026-07-06 14:15:50,896 | INFO | User : exit
2026-07-06 14:15:50,896 | INFO | Assistant Closed
2026-07-06 14:42:50,848 | INFO | Assistant Started
2026-07-06 14:42:56,919 | INFO | User : hello
2026-07-06 14:42:56,920 | INFO | Arnav : Hello Anuj! \U0001f44b
2026-07-06 14:43:02,855 | INFO | User : who are you
2026-07-06 14:43:02,855 | INFO | Arnav : I am Arnav AI.
2026-07-06 14:43:47,371 | INFO | User : time
2026-07-06 14:44:13,980 | INFO | Assistant Started
2026-07-06 14:44:16,974 | INFO | User : hello
2026-07-06 14:44:16,975 | INFO | Arnav : Hello Anuj! \U0001f44b
2026-07-06 14:44:22,015 | INFO | User : who are you
2026-07-06 14:44:22,015 | INFO | Arnav : I am Arnav AI.
2026-07-06 14:44:24,539 | INFO | User : time
2026-07-06 14:46:01,521 | INFO | Assistant Started
2026-07-06 14:46:03,624 | INFO | User : time
2026-07-06 14:46:03,624 | INFO | Arnav : 02:46:03 PM
2026-07-06 14:46:06,734 | INFO | User : hello
2026-07-06 14:46:06,734 | INFO | Arnav : Hello Anuj! \U0001f44b
2026-07-06 14:46:14,887 | INFO | User : who are you 
2026-07-06 14:46:14,887 | INFO | Arnav : I am Arnav AI.
2026-07-06 14:46:21,118 | INFO | User : exit
2026-07-06 14:46:21,119 | INFO | Assistant Closed
2026-07-06 14:46:39,060 | INFO | Assistant Started
2026-07-06 14:46:41,739 | INFO | User : date
2026-07-06 14:46:41,739 | INFO | Arnav : 06-07-2026
2026-07-06 14:46:45,179 | INFO | User : time
2026-07-06 14:46:45,179 | INFO | Arnav : 02:46:45 PM
2026-07-06 15:13:51,301 | INFO | Assistant Started
2026-07-06 15:13:57,781 | INFO | User : hello
2026-07-06 15:13:57,782 | INFO | Arnav : Hello Anuj! \U0001f44b
2026-07-06 15:14:03,564 | INFO | User : who are you
2026-07-06 15:14:03,564 | INFO | Arnav : Sorry, I don't understand that command.
2026-07-06 15:14:31,580 | INFO | User : time
2026-07-06 15:14:31,580 | INFO | Arnav : 03:14:31 PM
2026-07-06 15:14:34,276 | INFO | User : date
2026-07-06 15:14:34,276 | INFO | Arnav : 06-07-2026
2026-07-06 15:14:38,148 | INFO | User : exit
2026-07-06 15:14:38,148 | INFO | Assistant Closed
2026-07-06 15:42:58,443 | INFO | Assistant Started
2026-07-06 15:43:01,475 | INFO | User : hello
2026-07-06 15:43:01,475 | INFO | Arnav : Hello Anuj! \U0001f44b
2026-07-06 15:43:03,790 | INFO | User : time
2026-07-06 15:43:03,791 | INFO | Arnav : 03:43:03 PM
2026-07-06 15:43:06,095 | INFO | User : date
2026-07-06 15:43:06,095 | INFO | Arnav : 06-07-2026
2026-07-06 15:43:12,331 | INFO | User : who are you
2026-07-06 15:43:12,331 | INFO | Arnav : Sorry, I don't understand that command.
2026-07-06 15:53:05,581 | INFO | Assistant Started
2026-07-06 15:53:08,954 | INFO | User : hello
2026-07-06 15:53:08,956 | INFO | Arnav : Hello Anuj! \U0001f44b
2026-07-06 15:53:12,156 | INFO | User : date 
2026-07-06 15:53:12,156 | INFO | Arnav : 06-07-2026
2026-07-06 15:53:14,159 | INFO | User : time
2026-07-06 15:53:14,160 | INFO | Arnav : 03:53:14 PM
2026-07-06 15:53:18,575 | INFO | User : exit
2026-07-06 15:53:18,575 | INFO | Assistant Closed
2026-07-06 16:13:29,243 | INFO | Assistant Started
2026-07-06 16:13:32,850 | INFO | User : hell
2026-07-06 16:13:32,850 | INFO | Arnav : Sorry, I don't understand that command.
2026-07-06 16:13:37,777 | INFO | User : hello
2026-07-06 16:13:37,779 | INFO | Arnav : Hello Anuj! \U0001f44b
2026-07-06 16:13:41,449 | INFO | User : date
2026-07-06 16:13:41,450 | INFO | Arnav : 06-07-2026
2026-07-06 16:13:43,642 | INFO | User : time
2026-07-06 16:13:43,642 | INFO | Arnav : 04:13:43 PM
2026-07-06 21:25:51,931 | INFO | Assistant Started
2026-07-06 21:25:57,208 | INFO | User : hello
2026-07-06 21:25:57,210 | INFO | Arnav : Hello Anuj! \U0001f44b
2026-07-06 21:26:01,968 | INFO | User : who are you 
2026-07-06 21:26:01,968 | INFO | Arnav : Sorry, I don't understand that command.
2026-07-06 21:26:08,256 | INFO | User : date 
2026-07-06 21:26:08,258 | INFO | Arnav : 06-07-2026
2026-07-06 21:26:13,456 | INFO | User : time
2026-07-06 21:26:13,456 | INFO | Arnav : 09:26:13 PM
2026-07-06 21:26:16,872 | INFO | User : exit
2026-07-06 21:26:16,872 | INFO | Assistant Closed
2026-07-06 21:34:17,248 | INFO | Assistant Started
2026-07-06 21:34:20,516 | INFO | User : hello
2026-07-06 21:34:20,519 | INFO | Arnav : Hello Anuj! \U0001f44b
2026-07-06 21:34:23,784 | INFO | User : date
2026-07-06 21:34:23,785 | INFO | Arnav : 06-07-2026
2026-07-06 21:34:26,096 | INFO | User : time
2026-07-06 21:34:26,096 | INFO | Arnav : 09:34:26 PM
2026-07-06 21:34:29,884 | INFO | User : exit
2026-07-06 21:34:29,885 | INFO | Assistant Closed
2026-07-06 21:39:39,184 | INFO | Assistant Started
2026-07-06 21:40:09,355 | INFO | User : hello
2026-07-06 21:40:09,360 | INFO | Arnav : Hello Anuj! \U0001f44b
2026-07-06 21:40:13,980 | INFO | User : date
2026-07-06 21:40:13,980 | INFO | Arnav : 06-07-2026
2026-07-06 21:40:17,616 | INFO | User : time 
2026-07-06 21:40:17,619 | INFO | Arnav : 09:40:17 PM
2026-07-06 21:40:22,751 | INFO | User : exit
2026-07-06 21:40:22,752 | INFO | Assistant Closed
2026-07-06 21:55:57,543 | INFO | Assistant Started
2026-07-06 21:56:14,567 | INFO | User : hello
2026-07-06 21:56:14,572 | INFO | Arnav : Hello Anuj! \U0001f44b
2026-07-06 21:56:47,643 | INFO | Assistant Started
2026-07-06 21:59:00,625 | INFO | Assistant Started
2026-07-06 21:59:57,743 | INFO | Assistant Started
2026-07-06 22:00:04,330 | INFO | User : hello
2026-07-06 22:00:04,331 | INFO | Arnav : Hello Anuj! \U0001f44b
2026-07-06 22:12:35,685 | INFO | Assistant Started
2026-07-06 22:12:58,878 | INFO | User : my name is anuj
2026-07-06 22:15:12,890 | INFO | Assistant Started
2026-07-06 22:15:18,762 | INFO | User : my name anuj
2026-07-06 22:15:18,763 | INFO | Arnav : Sorry, I don't understand that command.
2026-07-06 22:16:08,818 | INFO | User : my name is anuj
2026-07-06 22:16:08,821 | INFO | Arnav : Nice to meet you, anuj! I'll remember your name.
2026-07-06 22:16:30,198 | INFO | User : what is my name
2026-07-06 22:16:30,199 | INFO | Arnav : Your name is anuj.
2026-07-06 22:17:48,394 | INFO | User : my favorite lagauge is python
2026-07-06 22:17:48,395 | INFO | Arnav : Sorry, I don't understand that command.
2026-07-06 22:39:41,067 | INFO | Assistant Started
2026-07-06 22:39:46,529 | INFO | User : HELLO
2026-07-06 22:39:46,533 | INFO | Arnav : Hello Anuj! \U0001f44b
2026-07-06 22:39:56,633 | INFO | User : what is my name
2026-07-06 22:39:56,635 | INFO | Arnav : Your name is anuj.
